#
# A fatal error has been detected by the Java Runtime Environment:
#
#  SIGSEGV (0xb) at pc=0x00007f101fa7189a, pid=5076, tid=139706623780608
#
# JRE version: Java(TM) SE Runtime Environment (8.0_51-b16) (build 1.8.0_51-b16)
# Java VM: Java HotSpot(TM) 64-Bit Server VM (25.51-b03 mixed mode linux-amd64 compressed oops)
# Problematic frame:
# V  [libjvm.so+0xa9f89a]
#
# Failed to write core dump. Core dumps have been disabled. To enable core dumping, try "ulimit -c unlimited" before starting Java again
#
# If you would like to submit a bug report, please visit:
#   http://bugreport.java.com/bugreport/crash.jsp
#

---------------  T H R E A D  ---------------

Current thread (0x00007f10180c3000):  JavaThread "JDWP Transport Listener: dt_socket" daemon [_thread_in_vm, id=5094, stack(0x00007f0ffb9ee000,0x00007f0ffbaef000)]

siginfo: si_signo: 11 (SIGSEGV), si_code: 2 (SEGV_ACCERR), si_addr: 0x00007f1020a58ff8

Registers:
RAX=0x00000000d717f218, RBX=0x00007f0fc40ceea0, RCX=0x00007f10209762e0, RDX=0x000000000000fc90
RSP=0x00007f0ffbaecf80, RBP=0x00007f0ffbaed080, RSI=0x0000000000000000, RDI=0x0000000000000020
R8 =0x0000000000000002, R9 =0x000000000021f000, R10=0x00007f0fe0000000, R11=0x0000000000000206
R12=0x0000000000000000, R13=0x00007f0fe021fac0, R14=0x00007f0fc40ce8a0, R15=0x00007f1020a58ff0
RIP=0x00007f101fa7189a, EFLAGS=0x0000000000010246, CSGSFS=0x0000000000000033, ERR=0x0000000000000004
  TRAPNO=0x000000000000000e

Top of Stack: (sp=0x00007f0ffbaecf80)
0x00007f0ffbaecf80:   00007f0ffbaecf90 00007f0ffbaecfc0
0x00007f0ffbaecf90:   00007f1020b55900 00007f1009007710
0x00007f0ffbaecfa0:   00007f10090055d0 00007f1000000000
0x00007f0ffbaecfb0:   00007f1020b55950 00007f1020b55910
0x00007f0ffbaecfc0:   00007f1020b55900 00007f1009007710
0x00007f0ffbaecfd0:   00007f10090055d0 00007f1000000000
0x00007f0ffbaecfe0:   00007f1020b55950 00007f1020b55910
0x00007f0ffbaecff0:   00007f1020b55900 00007f1009007710
0x00007f0ffbaed000:   00007f10090055d0 00007f1000000000
0x00007f0ffbaed010:   00007f1020b55950 00007f1020b55910
0x00007f0ffbaed020:   00007f1020b55900 00007f1009007710
0x00007f0ffbaed030:   00007f10090055d0 00007f1000000000
0x00007f0ffbaed040:   00007f1020b55950 00007f1020b55910
0x00007f0ffbaed050:   0000000000000000 0000000000000000
0x00007f0ffbaed060:   00007f101800a000 00007f0fe0005760
0x00007f0ffbaed070:   00007f101ff2bf28 00007f10180bb2d0
0x00007f0ffbaed080:   00007f0ffbaed160 00007f101f752016
0x00007f0ffbaed090:   0000000000000000 0000000000000000
0x00007f0ffbaed0a0:   0000000100000000 00007f10180c3000
0x00007f0ffbaed0b0:   0000000000000000 0000000000000000
0x00007f0ffbaed0c0:   0000000000000000 00000000000083b0
0x00007f0ffbaed0d0:   00007f10180bb2d0 00007f0fc40d6278
0x00007f0ffbaed0e0:   00007f0fc40ceea0 00007f0fc40ce290
0x00007f0ffbaed0f0:   00007f10090055d0 00007f1000000000
0x00007f0ffbaed100:   00007f1020b55950 00007f1020b55910
0x00007f0ffbaed110:   00007f1020b558b0 0000000000000001
0x00007f0ffbaed120:   00007f0fc40ce2a0 0000000000000000
0x00007f0ffbaed130:   00007f101ff2bf28 0000000000000001
0x00007f0ffbaed140:   00007f0fc40ce8a0 0000000000000000
0x00007f0ffbaed150:   00007f101ff2bf28 00007f10180bb2d0
0x00007f0ffbaed160:   00007f0ffbaed820 00007f101f75385c
0x00007f0ffbaed170:   00007f0ffbaed101 00007f0ffbaed780 

Instructions: (pc=0x00007f101fa7189a)
0x00007f101fa7187a:   49 8b 46 30 48 89 85 68 ff ff ff e8 26 7e ae ff
0x00007f101fa7188a:   49 39 c7 0f 82 dd 00 00 00 31 f6 bf 20 00 00 00
0x00007f101fa7189a:   4d 8b 67 08 e8 3d 96 ef ff 48 85 c0 49 89 c5 74
0x00007f101fa718aa:   17 4c 89 20 48 c7 40 10 00 00 00 00 4c 89 78 08 

Register to memory mapping:

RAX=0x00000000d717f218 is an oop
java.util.NoSuchElementException 
 - klass: 'java/util/NoSuchElementException'
RBX=0x00007f0fc40ceea0 is an unknown value
RCX=0x00007f10209762e0: <offset 0x2182e0> in /lib/x86_64-linux-gnu/libpthread.so.0 at 0x00007f102075e000
RDX=0x000000000000fc90 is an unknown value
RSP=0x00007f0ffbaecf80 is pointing into the stack for thread: 0x00007f10180c3000
RBP=0x00007f0ffbaed080 is pointing into the stack for thread: 0x00007f10180c3000
RSI=0x0000000000000000 is an unknown value
RDI=0x0000000000000020 is an unknown value
R8 =0x0000000000000002 is an unknown value
R9 =0x000000000021f000 is an unknown value
R10=0x00007f0fe0000000 is an unknown value
R11=0x0000000000000206 is an unknown value
R12=0x0000000000000000 is an unknown value
R13=0x00007f0fe021fac0 is an unknown value
R14=0x00007f0fc40ce8a0 is an unknown value
R15=0x00007f1020a58ff0 is pointing into the stack for thread: 0x00007f101800a000


Stack: [0x00007f0ffb9ee000,0x00007f0ffbaef000],  sp=0x00007f0ffbaecf80,  free space=1019k
Native frames: (J=compiled Java code, j=interpreted, Vv=VM code, C=native code)
V  [libjvm.so+0xa9f89a]
V  [libjvm.so+0x780016]
V  [libjvm.so+0x78185c]
V  [libjvm.so+0x775780]
V  [libjvm.so+0x737701]
C  [libjdwp.so+0xa370]
C  [libjdwp.so+0x119c6]
C  [libjdwp.so+0x247ff]
V  [libjvm.so+0x797362]
V  [libjvm.so+0xa5cbcf]
V  [libjvm.so+0xa5ccfc]
V  [libjvm.so+0x911048]
C  [libpthread.so.0+0x80a4]  start_thread+0xc4


---------------  P R O C E S S  ---------------

Java Threads: ( => current thread )
  0x00007f10180d3000 JavaThread "Service Thread" daemon [_thread_blocked, id=5104, stack(0x00007f0ffb3e8000,0x00007f0ffb4e9000)]
  0x00007f10180cd800 JavaThread "C1 CompilerThread2" daemon [_thread_blocked, id=5103, stack(0x00007f0ffb4e9000,0x00007f0ffb5ea000)]
  0x00007f10180cc000 JavaThread "C2 CompilerThread1" daemon [_thread_blocked, id=5102, stack(0x00007f0ffb5ea000,0x00007f0ffb6eb000)]
  0x00007f10180c9000 JavaThread "C2 CompilerThread0" daemon [_thread_blocked, id=5101, stack(0x00007f0ffb6eb000,0x00007f0ffb7ec000)]
  0x00007f0fe0001000 JavaThread "JDWP Command Reader" daemon [_thread_in_native, id=5098, stack(0x00007f0ffb7ec000,0x00007f0ffb8ed000)]
  0x00007f10180c6800 JavaThread "JDWP Event Helper Thread" daemon [_thread_blocked, id=5096, stack(0x00007f0ffb8ed000,0x00007f0ffb9ee000)]
=>0x00007f10180c3000 JavaThread "JDWP Transport Listener: dt_socket" daemon [_thread_in_vm, id=5094, stack(0x00007f0ffb9ee000,0x00007f0ffbaef000)]
  0x00007f10180b6000 JavaThread "Signal Dispatcher" daemon [_thread_blocked, id=5092, stack(0x00007f0ffbeff000,0x00007f0ffc000000)]
  0x00007f101807f000 JavaThread "Finalizer" daemon [_thread_blocked, id=5091, stack(0x00007f100001e000,0x00007f100011f000)]
  0x00007f101807d000 JavaThread "Reference Handler" daemon [_thread_blocked, id=5090, stack(0x00007f100011f000,0x00007f1000220000)]
  0x00007f101800a000 JavaThread "main" [_thread_blocked, id=5078, stack(0x00007f1020a56000,0x00007f1020b57000)]

Other Threads:
  0x00007f1018078000 VMThread [stack: 0x00007f10080f1000,0x00007f10081f2000] [id=5089]
  0x00007f10180d6000 WatcherThread [stack: 0x00007f0ffb2e7000,0x00007f0ffb3e8000] [id=5105]

VM state:not at safepoint (normal execution)

VM Mutex/Monitor currently owned by a thread: None

Heap:
 PSYoungGen      total 36864K, used 5726K [0x00000000d6c00000, 0x00000000d9500000, 0x0000000100000000)
  eden space 31744K, 18% used [0x00000000d6c00000,0x00000000d7197828,0x00000000d8b00000)
  from space 5120K, 0% used [0x00000000d9000000,0x00000000d9000000,0x00000000d9500000)
  to   space 5120K, 0% used [0x00000000d8b00000,0x00000000d8b00000,0x00000000d9000000)
 ParOldGen       total 84992K, used 0K [0x0000000084400000, 0x0000000089700000, 0x00000000d6c00000)
  object space 84992K, 0% used [0x0000000084400000,0x0000000084400000,0x0000000089700000)
 Metaspace       used 5377K, capacity 5500K, committed 5760K, reserved 1056768K
  class space    used 587K, capacity 596K, committed 640K, reserved 1048576K

Card table byte_map: [0x00007f101d70e000,0x00007f101daed000] byte_map_base: 0x00007f101d2ec000

Marking Bits: (ParMarkBitMap*) 0x00007f101ff70660
 Begin Bits: [0x00007f1000220000, 0x00007f1002110000)
 End Bits:   [0x00007f1002110000, 0x00007f1004000000)

Polling page: 0x00007f1020b98000

CodeCache: size=245760Kb used=1488Kb max_used=1488Kb free=244271Kb
 bounds [0x00007f1009000000, 0x00007f1009270000, 0x00007f1018000000]
 total_blobs=477 nmethods=203 adapters=196
 compilation: enabled

Compilation events (10 events):
Event: 16,219 Thread 0x00007f10180cd800  200       3       java.util.regex.Pattern::peek (26 bytes)
Event: 16,219 Thread 0x00007f10180cd800 nmethod 200 0x00007f1009173650 code [0x00007f10091737e0, 0x00007f1009173aa8]
Event: 16,219 Thread 0x00007f10180cd800  199       3       java.util.regex.ASCII::isAscii (13 bytes)
Event: 16,219 Thread 0x00007f10180cd800 nmethod 199 0x00007f1009173bd0 code [0x00007f1009173d40, 0x00007f1009173ed0]
Event: 16,219 Thread 0x00007f10180cd800  201       3       java.util.regex.Pattern::next (33 bytes)
Event: 16,219 Thread 0x00007f10180cd800 nmethod 201 0x00007f1009173f50 code [0x00007f10091740e0, 0x00007f10091743a8]
Event: 16,219 Thread 0x00007f10180cd800  202       1       java.util.regex.Pattern::flags (5 bytes)
Event: 16,219 Thread 0x00007f10180cd800 nmethod 202 0x00007f1009168cd0 code [0x00007f1009168e20, 0x00007f1009168f30]
Event: 16,219 Thread 0x00007f10180cd800  203       3       java.lang.Character::isBmpCodePoint (13 bytes)
Event: 16,220 Thread 0x00007f10180cd800 nmethod 203 0x00007f10091744d0 code [0x00007f1009174640, 0x00007f10091747d0]

GC Heap History (0 events):
No events

Deoptimization events (0 events):
No events

Internal exceptions (6 events):
Event: 0,020 Thread 0x00007f101800a000 Exception <a 'java/lang/NoSuchMethodError': Method sun.misc.Unsafe.defineClass(Ljava/lang/String;[BII)Ljava/lang/Class; name or signature does not match> (0x00000000d6c12a30) thrown at [/HUDSON/workspace/8-2-build-linux-amd64/jdk8u51/3951/hotspot/src/shar
Event: 0,020 Thread 0x00007f101800a000 Exception <a 'java/lang/NoSuchMethodError': Method sun.misc.Unsafe.prefetchRead(Ljava/lang/Object;J)V name or signature does not match> (0x00000000d6c12cc0) thrown at [/HUDSON/workspace/8-2-build-linux-amd64/jdk8u51/3951/hotspot/src/share/vm/prims/jni.cpp
Event: 0,145 Thread 0x00007f101800a000 Exception <a 'java/security/PrivilegedActionException'> (0x00000000d6c84968) thrown at [/HUDSON/workspace/8-2-build-linux-amd64/jdk8u51/3951/hotspot/src/share/vm/prims/jvm.cpp, line 1382]
Event: 0,145 Thread 0x00007f101800a000 Exception <a 'java/security/PrivilegedActionException'> (0x00000000d6c84cb0) thrown at [/HUDSON/workspace/8-2-build-linux-amd64/jdk8u51/3951/hotspot/src/share/vm/prims/jvm.cpp, line 1382]
Event: 0,145 Thread 0x00007f101800a000 Exception <a 'java/security/PrivilegedActionException'> (0x00000000d6c872f0) thrown at [/HUDSON/workspace/8-2-build-linux-amd64/jdk8u51/3951/hotspot/src/share/vm/prims/jvm.cpp, line 1382]
Event: 0,145 Thread 0x00007f101800a000 Exception <a 'java/security/PrivilegedActionException'> (0x00000000d6c87638) thrown at [/HUDSON/workspace/8-2-build-linux-amd64/jdk8u51/3951/hotspot/src/share/vm/prims/jvm.cpp, line 1382]

Events (10 events):
Event: 85,278 Executing VM operation: RedefineClasses
Event: 85,278 Executing VM operation: RedefineClasses done
Event: 85,279 Executing VM operation: EnterInterpOnlyMode
Event: 85,279 Executing VM operation: EnterInterpOnlyMode done
Event: 85,279 Executing VM operation: GetCurrentLocation
Event: 85,279 Executing VM operation: GetCurrentLocation done
Event: 85,279 Executing VM operation: ChangeSingleStep
Event: 85,279 Executing VM operation: ChangeSingleStep done
Event: 85,279 Executing VM operation: ChangeSingleStep
Event: 85,279 Executing VM operation: ChangeSingleStep done


Dynamic libraries:
00400000-00401000 r-xp 00000000 08:02 68809                              /usr/lib/jvm/jdk-8-oracle-x64/bin/java
00600000-00601000 rw-p 00000000 08:02 68809                              /usr/lib/jvm/jdk-8-oracle-x64/bin/java
02391000-023b2000 rw-p 00000000 00:00 0                                  [heap]
84400000-89700000 rw-p 00000000 00:00 0 
89700000-d6c00000 ---p 00000000 00:00 0 
d6c00000-d9500000 rw-p 00000000 00:00 0 
d9500000-100000000 ---p 00000000 00:00 0 
100000000-1000a0000 rw-p 00000000 00:00 0 
1000a0000-140000000 ---p 00000000 00:00 0 
7f0fbc000000-7f0fbc021000 rw-p 00000000 00:00 0 
7f0fbc021000-7f0fc0000000 ---p 00000000 00:00 0 
7f0fc4000000-7f0fc40d8000 rw-p 00000000 00:00 0 
7f0fc40d8000-7f0fc8000000 ---p 00000000 00:00 0 
7f0fc8000000-7f0fc8021000 rw-p 00000000 00:00 0 
7f0fc8021000-7f0fcc000000 ---p 00000000 00:00 0 
7f0fcc000000-7f0fcc0a7000 rw-p 00000000 00:00 0 
7f0fcc0a7000-7f0fd0000000 ---p 00000000 00:00 0 
7f0fd0000000-7f0fd0021000 rw-p 00000000 00:00 0 
7f0fd0021000-7f0fd4000000 ---p 00000000 00:00 0 
7f0fd4000000-7f0fd4021000 rw-p 00000000 00:00 0 
7f0fd4021000-7f0fd8000000 ---p 00000000 00:00 0 
7f0fd8000000-7f0fd8021000 rw-p 00000000 00:00 0 
7f0fd8021000-7f0fdc000000 ---p 00000000 00:00 0 
7f0fdc000000-7f0fdc021000 rw-p 00000000 00:00 0 
7f0fdc021000-7f0fe0000000 ---p 00000000 00:00 0 
7f0fe0000000-7f0fe0237000 rw-p 00000000 00:00 0 
7f0fe0237000-7f0fe4000000 ---p 00000000 00:00 0 
7f0fe4000000-7f0fe4021000 rw-p 00000000 00:00 0 
7f0fe4021000-7f0fe8000000 ---p 00000000 00:00 0 
7f0fe8000000-7f0fe8021000 rw-p 00000000 00:00 0 
7f0fe8021000-7f0fec000000 ---p 00000000 00:00 0 
7f0fec000000-7f0fec021000 rw-p 00000000 00:00 0 
7f0fec021000-7f0ff0000000 ---p 00000000 00:00 0 
7f0ff0000000-7f0ff0021000 rw-p 00000000 00:00 0 
7f0ff0021000-7f0ff4000000 ---p 00000000 00:00 0 
7f0ff4000000-7f0ff4021000 rw-p 00000000 00:00 0 
7f0ff4021000-7f0ff8000000 ---p 00000000 00:00 0 
7f0ffad2e000-7f0ffb0d0000 rw-p 00000000 00:00 0 
7f0ffb0d0000-7f0ffb0e6000 r-xp 00000000 08:02 68705                      /usr/lib/jvm/jdk-8-oracle-x64/jre/lib/amd64/libnet.so
7f0ffb0e6000-7f0ffb2e6000 ---p 00016000 08:02 68705                      /usr/lib/jvm/jdk-8-oracle-x64/jre/lib/amd64/libnet.so
7f0ffb2e6000-7f0ffb2e7000 rw-p 00016000 08:02 68705                      /usr/lib/jvm/jdk-8-oracle-x64/jre/lib/amd64/libnet.so
7f0ffb2e7000-7f0ffb2e8000 ---p 00000000 00:00 0 
7f0ffb2e8000-7f0ffb3e8000 rw-p 00000000 00:00 0                          [stack:5105]
7f0ffb3e8000-7f0ffb3eb000 ---p 00000000 00:00 0 
7f0ffb3eb000-7f0ffb4e9000 rw-p 00000000 00:00 0                          [stack:5104]
7f0ffb4e9000-7f0ffb4ec000 ---p 00000000 00:00 0 
7f0ffb4ec000-7f0ffb5ea000 rw-p 00000000 00:00 0                          [stack:5103]
7f0ffb5ea000-7f0ffb5ed000 ---p 00000000 00:00 0 
7f0ffb5ed000-7f0ffb6eb000 rw-p 00000000 00:00 0                          [stack:5102]
7f0ffb6eb000-7f0ffb6ee000 ---p 00000000 00:00 0 
7f0ffb6ee000-7f0ffb7ec000 rw-p 00000000 00:00 0                          [stack:5101]
7f0ffb7ec000-7f0ffb7ef000 ---p 00000000 00:00 0 
7f0ffb7ef000-7f0ffb8ed000 rw-p 00000000 00:00 0                          [stack:5098]
7f0ffb8ed000-7f0ffb8f0000 ---p 00000000 00:00 0 
7f0ffb8f0000-7f0ffb9ee000 rw-p 00000000 00:00 0                          [stack:5096]
7f0ffb9ee000-7f0ffb9f1000 ---p 00000000 00:00 0 
7f0ffb9f1000-7f0ffbaef000 rw-p 00000000 00:00 0                          [stack:5094]
7f0ffbaef000-7f0ffbafa000 r-xp 00000000 08:02 499369                     /lib/x86_64-linux-gnu/libnss_files-2.19.so
7f0ffbafa000-7f0ffbcf9000 ---p 0000b000 08:02 499369                     /lib/x86_64-linux-gnu/libnss_files-2.19.so
7f0ffbcf9000-7f0ffbcfa000 r--p 0000a000 08:02 499369                     /lib/x86_64-linux-gnu/libnss_files-2.19.so
7f0ffbcfa000-7f0ffbcfb000 rw-p 0000b000 08:02 499369                     /lib/x86_64-linux-gnu/libnss_files-2.19.so
7f0ffbcfb000-7f0ffbcff000 r-xp 00000000 08:02 68672                      /usr/lib/jvm/jdk-8-oracle-x64/jre/lib/amd64/libdt_socket.so
7f0ffbcff000-7f0ffbefe000 ---p 00004000 08:02 68672                      /usr/lib/jvm/jdk-8-oracle-x64/jre/lib/amd64/libdt_socket.so
7f0ffbefe000-7f0ffbeff000 rw-p 00003000 08:02 68672                      /usr/lib/jvm/jdk-8-oracle-x64/jre/lib/amd64/libdt_socket.so
7f0ffbeff000-7f0ffbf02000 ---p 00000000 00:00 0 
7f0ffbf02000-7f0ffc000000 rw-p 00000000 00:00 0                          [stack:5092]
7f0ffc000000-7f0ffc021000 rw-p 00000000 00:00 0 
7f0ffc021000-7f1000000000 ---p 00000000 00:00 0 
7f100001e000-7f1000021000 ---p 00000000 00:00 0 
7f1000021000-7f100011f000 rw-p 00000000 00:00 0                          [stack:5091]
7f100011f000-7f1000122000 ---p 00000000 00:00 0 
7f1000122000-7f1004000000 rw-p 00000000 00:00 0                          [stack:5090]
7f1004000000-7f1004021000 rw-p 00000000 00:00 0 
7f1004021000-7f1008000000 ---p 00000000 00:00 0 
7f1008077000-7f10080f1000 rw-p 00000000 00:00 0 
7f10080f1000-7f10080f2000 ---p 00000000 00:00 0 
7f10080f2000-7f1009000000 rw-p 00000000 00:00 0                          [stack:5089]
7f1009000000-7f1009270000 rwxp 00000000 00:00 0 
7f1009270000-7f1018000000 ---p 00000000 00:00 0 
7f1018000000-7f1018201000 rw-p 00000000 00:00 0 
7f1018201000-7f101c000000 ---p 00000000 00:00 0 
7f101c016000-7f101c020000 r--s 00116000 08:02 68747                      /usr/lib/jvm/jdk-8-oracle-x64/jre/lib/ext/localedata.jar
7f101c020000-7f101c055000 r--s 00000000 08:02 20026                      /var/cache/nscd/hosts
7f101c055000-7f101c24a000 rw-p 00000000 00:00 0 
7f101c24a000-7f101c422000 r--s 03d0c000 08:02 68490                      /usr/lib/jvm/jdk-8-oracle-x64/jre/lib/rt.jar
7f101c422000-7f101c998000 rw-p 00000000 00:00 0 
7f101c998000-7f101cc98000 ---p 00000000 00:00 0 
7f101cc98000-7f101d076000 rw-p 00000000 00:00 0 
7f101d076000-7f101d077000 ---p 00000000 00:00 0 
7f101d077000-7f101d177000 rw-p 00000000 00:00 0                          [stack:5087]
7f101d177000-7f101d178000 ---p 00000000 00:00 0 
7f101d178000-7f101d278000 rw-p 00000000 00:00 0                          [stack:5086]
7f101d278000-7f101d279000 ---p 00000000 00:00 0 
7f101d279000-7f101d379000 rw-p 00000000 00:00 0                          [stack:5085]
7f101d379000-7f101d37a000 ---p 00000000 00:00 0 
7f101d37a000-7f101d4a4000 rw-p 00000000 00:00 0                          [stack:5084]
7f101d4a4000-7f101d70e000 ---p 00000000 00:00 0 
7f101d70e000-7f101d738000 rw-p 00000000 00:00 0 
7f101d738000-7f101d9a2000 ---p 00000000 00:00 0 
7f101d9a2000-7f101d9b7000 rw-p 00000000 00:00 0 
7f101d9b7000-7f101daec000 ---p 00000000 00:00 0 
7f101daec000-7f101daf7000 rw-p 00000000 00:00 0 
7f101daf7000-7f101dead000 ---p 00000000 00:00 0 
7f101dead000-7f101dec7000 r-xp 00000000 08:02 68700                      /usr/lib/jvm/jdk-8-oracle-x64/jre/lib/amd64/libzip.so
7f101dec7000-7f101e0c7000 ---p 0001a000 08:02 68700                      /usr/lib/jvm/jdk-8-oracle-x64/jre/lib/amd64/libzip.so
7f101e0c7000-7f101e0c8000 rw-p 0001a000 08:02 68700                      /usr/lib/jvm/jdk-8-oracle-x64/jre/lib/amd64/libzip.so
7f101e0c8000-7f101e251000 r--p 00000000 08:02 62095                      /usr/lib/locale/locale-archive
7f101e251000-7f101e253000 r-xp 00000000 08:02 68682                      /usr/lib/jvm/jdk-8-oracle-x64/jre/lib/amd64/libnpt.so
7f101e253000-7f101e453000 ---p 00002000 08:02 68682                      /usr/lib/jvm/jdk-8-oracle-x64/jre/lib/amd64/libnpt.so
7f101e453000-7f101e454000 rw-p 00002000 08:02 68682                      /usr/lib/jvm/jdk-8-oracle-x64/jre/lib/amd64/libnpt.so
7f101e454000-7f101e48d000 r-xp 00000000 08:02 68687                      /usr/lib/jvm/jdk-8-oracle-x64/jre/lib/amd64/libjdwp.so
7f101e48d000-7f101e68c000 ---p 00039000 08:02 68687                      /usr/lib/jvm/jdk-8-oracle-x64/jre/lib/amd64/libjdwp.so
7f101e68c000-7f101e68e000 rw-p 00038000 08:02 68687                      /usr/lib/jvm/jdk-8-oracle-x64/jre/lib/amd64/libjdwp.so
7f101e68e000-7f101e6b8000 r-xp 00000000 08:02 68678                      /usr/lib/jvm/jdk-8-oracle-x64/jre/lib/amd64/libjava.so
7f101e6b8000-7f101e8b8000 ---p 0002a000 08:02 68678                      /usr/lib/jvm/jdk-8-oracle-x64/jre/lib/amd64/libjava.so
7f101e8b8000-7f101e8ba000 rw-p 0002a000 08:02 68678                      /usr/lib/jvm/jdk-8-oracle-x64/jre/lib/amd64/libjava.so
7f101e8ba000-7f101e8c7000 r-xp 00000000 08:02 68692                      /usr/lib/jvm/jdk-8-oracle-x64/jre/lib/amd64/libverify.so
7f101e8c7000-7f101eac7000 ---p 0000d000 08:02 68692                      /usr/lib/jvm/jdk-8-oracle-x64/jre/lib/amd64/libverify.so
7f101eac7000-7f101eac9000 rw-p 0000d000 08:02 68692                      /usr/lib/jvm/jdk-8-oracle-x64/jre/lib/amd64/libverify.so
7f101eac9000-7f101ead0000 r-xp 00000000 08:02 499376                     /lib/x86_64-linux-gnu/librt-2.19.so
7f101ead0000-7f101eccf000 ---p 00007000 08:02 499376                     /lib/x86_64-linux-gnu/librt-2.19.so
7f101eccf000-7f101ecd0000 r--p 00006000 08:02 499376                     /lib/x86_64-linux-gnu/librt-2.19.so
7f101ecd0000-7f101ecd1000 rw-p 00007000 08:02 499376                     /lib/x86_64-linux-gnu/librt-2.19.so
7f101ecd1000-7f101edd1000 r-xp 00000000 08:02 499381                     /lib/x86_64-linux-gnu/libm-2.19.so
7f101edd1000-7f101efd0000 ---p 00100000 08:02 499381                     /lib/x86_64-linux-gnu/libm-2.19.so
7f101efd0000-7f101efd1000 r--p 000ff000 08:02 499381                     /lib/x86_64-linux-gnu/libm-2.19.so
7f101efd1000-7f101efd2000 rw-p 00100000 08:02 499381                     /lib/x86_64-linux-gnu/libm-2.19.so
7f101efd2000-7f101fc80000 r-xp 00000000 08:02 68732                      /usr/lib/jvm/jdk-8-oracle-x64/jre/lib/amd64/server/libjvm.so
7f101fc80000-7f101fe80000 ---p 00cae000 08:02 68732                      /usr/lib/jvm/jdk-8-oracle-x64/jre/lib/amd64/server/libjvm.so
7f101fe80000-7f101ff57000 rw-p 00cae000 08:02 68732                      /usr/lib/jvm/jdk-8-oracle-x64/jre/lib/amd64/server/libjvm.so
7f101ff57000-7f101ff9b000 rw-p 00000000 00:00 0 
7f101ff9b000-7f102013a000 r-xp 00000000 08:02 499382                     /lib/x86_64-linux-gnu/libc-2.19.so
7f102013a000-7f102033a000 ---p 0019f000 08:02 499382                     /lib/x86_64-linux-gnu/libc-2.19.so
7f102033a000-7f102033e000 r--p 0019f000 08:02 499382                     /lib/x86_64-linux-gnu/libc-2.19.so
7f102033e000-7f1020340000 rw-p 001a3000 08:02 499382                     /lib/x86_64-linux-gnu/libc-2.19.so
7f1020340000-7f1020344000 rw-p 00000000 00:00 0 
7f1020344000-7f1020347000 r-xp 00000000 08:02 499367                     /lib/x86_64-linux-gnu/libdl-2.19.so
7f1020347000-7f1020546000 ---p 00003000 08:02 499367                     /lib/x86_64-linux-gnu/libdl-2.19.so
7f1020546000-7f1020547000 r--p 00002000 08:02 499367                     /lib/x86_64-linux-gnu/libdl-2.19.so
7f1020547000-7f1020548000 rw-p 00003000 08:02 499367                     /lib/x86_64-linux-gnu/libdl-2.19.so
7f1020548000-7f102055d000 r-xp 00000000 08:02 68306                      /usr/lib/jvm/jdk-8-oracle-x64/lib/amd64/jli/libjli.so
7f102055d000-7f102075d000 ---p 00015000 08:02 68306                      /usr/lib/jvm/jdk-8-oracle-x64/lib/amd64/jli/libjli.so
7f102075d000-7f102075e000 rw-p 00015000 08:02 68306                      /usr/lib/jvm/jdk-8-oracle-x64/lib/amd64/jli/libjli.so
7f102075e000-7f1020776000 r-xp 00000000 08:02 499375                     /lib/x86_64-linux-gnu/libpthread-2.19.so
7f1020776000-7f1020975000 ---p 00018000 08:02 499375                     /lib/x86_64-linux-gnu/libpthread-2.19.so
7f1020975000-7f1020976000 r--p 00017000 08:02 499375                     /lib/x86_64-linux-gnu/libpthread-2.19.so
7f1020976000-7f1020977000 rw-p 00018000 08:02 499375                     /lib/x86_64-linux-gnu/libpthread-2.19.so
7f1020977000-7f102097b000 rw-p 00000000 00:00 0 
7f102097b000-7f102099b000 r-xp 00000000 08:02 499365                     /lib/x86_64-linux-gnu/ld-2.19.so
7f102099f000-7f10209a0000 rw-p 00000000 00:00 0 
7f10209a0000-7f10209a4000 r--s 00095000 08:02 68493                      /usr/lib/jvm/jdk-8-oracle-x64/jre/lib/jsse.jar
7f10209a4000-7f1020a4e000 rw-p 00000000 00:00 0 
7f1020a4e000-7f1020a56000 rw-s 00000000 08:02 9109523                    /tmp/hsperfdata_f12018907/5076
7f1020a56000-7f1020a59000 ---p 00000000 00:00 0 
7f1020a59000-7f1020b5c000 rw-p 00000000 00:00 0                          [stack:5078]
7f1020b5c000-7f1020b5d000 rw-p 00000000 00:00 0 
7f1020b5d000-7f1020b62000 r--s 0004f000 00:39 42617171                   /filer/etudiants/g6/f12018907/Documents/ProjetPoo/planes/src/mariadb-java-client-1.3.3.jar
7f1020b62000-7f1020b97000 r--s 00000000 08:02 20024                      /var/cache/nscd/passwd
7f1020b97000-7f1020b98000 rw-p 00000000 00:00 0 
7f1020b98000-7f1020b99000 r--p 00000000 00:00 0 
7f1020b99000-7f1020b9b000 rw-p 00000000 00:00 0 
7f1020b9b000-7f1020b9c000 r--p 00020000 08:02 499365                     /lib/x86_64-linux-gnu/ld-2.19.so
7f1020b9c000-7f1020b9d000 rw-p 00021000 08:02 499365                     /lib/x86_64-linux-gnu/ld-2.19.so
7f1020b9d000-7f1020b9e000 rw-p 00000000 00:00 0 
7fff5d0a2000-7fff5d0c3000 rw-p 00000000 00:00 0                          [stack]
7fff5d159000-7fff5d15b000 r-xp 00000000 00:00 0                          [vdso]
7fff5d15b000-7fff5d15d000 r--p 00000000 00:00 0                          [vvar]
ffffffffff600000-ffffffffff601000 r-xp 00000000 00:00 0                  [vsyscall]

VM Arguments:
jvm_args: -agentlib:jdwp=transport=dt_socket,suspend=y,address=localhost:37790 -Dfile.encoding=UTF-8 
java_command: planes.Main
java_class_path (initial): /filer/etudiants/g6/f12018907/Documents/ProjetPoo/planes/bin:/filer/etudiants/g6/f12018907/Documents/ProjetPoo/planes/src/mariadb-java-client-1.3.3.jar
Launcher Type: SUN_STANDARD

Environment Variables:
JAVA_HOME=/usr/lib/jvm/jdk-8-oracle-x64
PATH=/usr/local/bin:/usr/bin:/bin:/usr/local/games:/usr/games:/filer/etudiants/g6/f12018907/bin
SHELL=/bin/bash
DISPLAY=:0

Signal Handlers:
SIGSEGV: [libjvm.so+0xaad540], sa_mask[0]=11111111011111111101111111111110, sa_flags=SA_RESTART|SA_SIGINFO
SIGBUS: [libjvm.so+0xaad540], sa_mask[0]=11111111011111111101111111111110, sa_flags=SA_RESTART|SA_SIGINFO
SIGFPE: [libjvm.so+0x90b6b0], sa_mask[0]=11111111011111111101111111111110, sa_flags=SA_RESTART|SA_SIGINFO
SIGPIPE: [libjvm.so+0x90b6b0], sa_mask[0]=11111111011111111101111111111110, sa_flags=SA_RESTART|SA_SIGINFO
SIGXFSZ: [libjvm.so+0x90b6b0], sa_mask[0]=11111111011111111101111111111110, sa_flags=SA_RESTART|SA_SIGINFO
SIGILL: [libjvm.so+0x90b6b0], sa_mask[0]=11111111011111111101111111111110, sa_flags=SA_RESTART|SA_SIGINFO
SIGUSR1: SIG_DFL, sa_mask[0]=00000000000000000000000000000000, sa_flags=none
SIGUSR2: [libjvm.so+0x90ccf0], sa_mask[0]=00100000000000000000000000000000, sa_flags=SA_RESTART|SA_SIGINFO
SIGHUP: [libjvm.so+0x90e040], sa_mask[0]=11111111011111111101111111111110, sa_flags=SA_RESTART|SA_SIGINFO
SIGINT: [libjvm.so+0x90e040], sa_mask[0]=11111111011111111101111111111110, sa_flags=SA_RESTART|SA_SIGINFO
SIGTERM: [libjvm.so+0x90e040], sa_mask[0]=11111111011111111101111111111110, sa_flags=SA_RESTART|SA_SIGINFO
SIGQUIT: [libjvm.so+0x90e040], sa_mask[0]=11111111011111111101111111111110, sa_flags=SA_RESTART|SA_SIGINFO


---------------  S Y S T E M  ---------------

OS:PRETTY_NAME="Debian GNU/Linux 8 (jessie)"
NAME="Debian GNU/Linux"
VERSION_ID="8"
VERSION="8 (jessie)"
ID=debian
HOME_URL="http://www.debian.org/"
SUPPORT_URL="http://www.debian.org/support/"
BUG_REPORT_URL="https://bugs.debian.org/"

uname:Linux 3.16.0-4-amd64 #1 SMP Debian 3.16.7-ckt20-1+deb8u1 (2015-12-14) x86_64
libc:glibc 2.19 NPTL 2.19 
rlimit: STACK 8192k, CORE 0k, NPROC 1000, NOFILE 65536, AS infinity
load average:0,19 0,25 0,30

/proc/meminfo:
MemTotal:        8102020 kB
MemFree:         4947908 kB
MemAvailable:    6031824 kB
Buffers:          138664 kB
Cached:          1301268 kB
SwapCached:            0 kB
Active:          2078668 kB
Inactive:         846760 kB
Active(anon):    1487404 kB
Inactive(anon):   241836 kB
Active(file):     591264 kB
Inactive(file):   604924 kB
Unevictable:           0 kB
Mlocked:               0 kB
SwapTotal:      16779888 kB
SwapFree:       16779888 kB
Dirty:                28 kB
Writeback:             0 kB
AnonPages:       1486320 kB
Mapped:           362336 kB
Shmem:            243236 kB
Slab:             143764 kB
SReclaimable:     113344 kB
SUnreclaim:        30420 kB
KernelStack:        8272 kB
PageTables:        29672 kB
NFS_Unstable:          0 kB
Bounce:                0 kB
WritebackTmp:          0 kB
CommitLimit:    20830896 kB
Committed_AS:    5136280 kB
VmallocTotal:   34359738367 kB
VmallocUsed:      360036 kB
VmallocChunk:   34359364556 kB
HardwareCorrupted:     0 kB
AnonHugePages:         0 kB
HugePages_Total:       0
HugePages_Free:        0
HugePages_Rsvd:        0
HugePages_Surp:        0
Hugepagesize:       2048 kB
DirectMap4k:       82484 kB
DirectMap2M:     1921024 kB
DirectMap1G:     6291456 kB


CPU:total 4 (4 cores per cpu, 1 threads per core) family 6 model 60 stepping 3, cmov, cx8, fxsr, mmx, sse, sse2, sse3, ssse3, sse4.1, sse4.2, popcnt, avx, avx2, aes, clmul, erms, lzcnt, tsc, tscinvbit, bmi1, bmi2

/proc/cpuinfo:
processor	: 0
vendor_id	: GenuineIntel
cpu family	: 6
model		: 60
model name	: Intel(R) Core(TM) i5-4590 CPU @ 3.30GHz
stepping	: 3
microcode	: 0x1c
cpu MHz		: 3523.136
cache size	: 6144 KB
physical id	: 0
siblings	: 4
core id		: 0
cpu cores	: 4
apicid		: 0
initial apicid	: 0
fpu		: yes
fpu_exception	: yes
cpuid level	: 13
wp		: yes
flags		: fpu vme de pse tsc msr pae mce cx8 apic sep mtrr pge mca cmov pat pse36 clflush dts acpi mmx fxsr sse sse2 ss ht tm pbe syscall nx pdpe1gb rdtscp lm constant_tsc arch_perfmon pebs bts rep_good nopl xtopology nonstop_tsc aperfmperf eagerfpu pni pclmulqdq dtes64 monitor ds_cpl vmx smx est tm2 ssse3 fma cx16 xtpr pdcm pcid sse4_1 sse4_2 x2apic movbe popcnt tsc_deadline_timer aes xsave avx f16c rdrand lahf_lm abm ida arat epb xsaveopt pln pts dtherm tpr_shadow vnmi flexpriority ept vpid fsgsbase tsc_adjust bmi1 avx2 smep bmi2 erms invpcid
bogomips	: 6584.69
clflush size	: 64
cache_alignment	: 64
address sizes	: 39 bits physical, 48 bits virtual
power management:

processor	: 1
vendor_id	: GenuineIntel
cpu family	: 6
model		: 60
model name	: Intel(R) Core(TM) i5-4590 CPU @ 3.30GHz
stepping	: 3
microcode	: 0x1c
cpu MHz		: 3501.996
cache size	: 6144 KB
physical id	: 0
siblings	: 4
core id		: 1
cpu cores	: 4
apicid		: 2
initial apicid	: 2
fpu		: yes
fpu_exception	: yes
cpuid level	: 13
wp		: yes
flags		: fpu vme de pse tsc msr pae mce cx8 apic sep mtrr pge mca cmov pat pse36 clflush dts acpi mmx fxsr sse sse2 ss ht tm pbe syscall nx pdpe1gb rdtscp lm constant_tsc arch_perfmon pebs bts rep_good nopl xtopology nonstop_tsc aperfmperf eagerfpu pni pclmulqdq dtes64 monitor ds_cpl vmx smx est tm2 ssse3 fma cx16 xtpr pdcm pcid sse4_1 sse4_2 x2apic movbe popcnt tsc_deadline_timer aes xsave avx f16c rdrand lahf_lm abm ida arat epb xsaveopt pln pts dtherm tpr_shadow vnmi flexpriority ept vpid fsgsbase tsc_adjust bmi1 avx2 smep bmi2 erms invpcid
bogomips	: 6584.69
clflush size	: 64
cache_alignment	: 64
address sizes	: 39 bits physical, 48 bits virtual
power management:

processor	: 2
vendor_id	: GenuineIntel
cpu family	: 6
model		: 60
model name	: Intel(R) Core(TM) i5-4590 CPU @ 3.30GHz
stepping	: 3
microcode	: 0x1c
cpu MHz		: 3585.527
cache size	: 6144 KB
physical id	: 0
siblings	: 4
core id		: 2
cpu cores	: 4
apicid		: 4
initial apicid	: 4
fpu		: yes
fpu_exception	: yes
cpuid level	: 13
wp		: yes
flags		: fpu vme de pse tsc msr pae mce cx8 apic sep mtrr pge mca cmov pat pse36 clflush dts acpi mmx fxsr sse sse2 ss ht tm pbe syscall nx pdpe1gb rdtscp lm constant_tsc arch_perfmon pebs bts rep_good nopl xtopology nonstop_tsc aperfmperf eagerfpu pni pclmulqdq dtes64 monitor ds_cpl vmx smx est tm2 ssse3 fma cx16 xtpr pdcm pcid sse4_1 sse4_2 x2apic movbe popcnt tsc_deadline_timer aes xsave avx f16c rdrand lahf_lm abm ida arat epb xsaveopt pln pts dtherm tpr_shadow vnmi flexpriority ept vpid fsgsbase tsc_adjust bmi1 avx2 smep bmi2 erms invpcid
bogomips	: 6584.69
clflush size	: 64
cache_alignment	: 64
address sizes	: 39 bits physical, 48 bits virtual
power management:

processor	: 3
vendor_id	: GenuineIntel
cpu family	: 6
model		: 60
model name	: Intel(R) Core(TM) i5-4590 CPU @ 3.30GHz
stepping	: 3
microcode	: 0x1c
cpu MHz		: 3563.613
cache size	: 6144 KB
physical id	: 0
siblings	: 4
core id		: 3
cpu cores	: 4
apicid		: 6
initial apicid	: 6
fpu		: yes
fpu_exception	: yes
cpuid level	: 13
wp		: yes
flags		: fpu vme de pse tsc msr pae mce cx8 apic sep mtrr pge mca cmov pat pse36 clflush dts acpi mmx fxsr sse sse2 ss ht tm pbe syscall nx pdpe1gb rdtscp lm constant_tsc arch_perfmon pebs bts rep_good nopl xtopology nonstop_tsc aperfmperf eagerfpu pni pclmulqdq dtes64 monitor ds_cpl vmx smx est tm2 ssse3 fma cx16 xtpr pdcm pcid sse4_1 sse4_2 x2apic movbe popcnt tsc_deadline_timer aes xsave avx f16c rdrand lahf_lm abm ida arat epb xsaveopt pln pts dtherm tpr_shadow vnmi flexpriority ept vpid fsgsbase tsc_adjust bmi1 avx2 smep bmi2 erms invpcid
bogomips	: 6584.69
clflush size	: 64
cache_alignment	: 64
address sizes	: 39 bits physical, 48 bits virtual
power management:



Memory: 4k page, physical 8102020k(4947908k free), swap 16779888k(16779888k free)

vm_info: Java HotSpot(TM) 64-Bit Server VM (25.51-b03) for linux-amd64 JRE (1.8.0_51-b16), built on Jun  8 2015 19:28:07 by "java_re" with gcc 4.3.0 20080428 (Red Hat 4.3.0-8)

time: Wed Jan  6 16:54:48 2016
elapsed time: 85 seconds (0d 0h 1m 25s)

