#
# A fatal error has been detected by the Java Runtime Environment:
#
#  SIGSEGV (0xb) at pc=0x00007f812a7b089a, pid=5649, tid=140192137463552
#
# JRE version: Java(TM) SE Runtime Environment (8.0_51-b16) (build 1.8.0_51-b16)
# Java VM: Java HotSpot(TM) 64-Bit Server VM (25.51-b03 mixed mode linux-amd64 compressed oops)
# Problematic frame:
# V  [libjvm.so+0xa9f89a]
#
# Failed to write core dump. Core dumps have been disabled. To enable core dumping, try "ulimit -c unlimited" before starting Java again
#
# If you would like to submit a bug report, please visit:
#   http://bugreport.java.com/bugreport/crash.jsp
#

---------------  T H R E A D  ---------------

Current thread (0x00007f81240c3000):  JavaThread "JDWP Transport Listener: dt_socket" daemon [_thread_in_vm, id=5666, stack(0x00007f81067dc000,0x00007f81068dd000)]

siginfo: si_signo: 11 (SIGSEGV), si_code: 2 (SEGV_ACCERR), si_addr: 0x00007f812b797ff8

Registers:
RAX=0x00000000d6ed9d48, RBX=0x00007f80d000c740, RCX=0x00007f812b6b52e0, RDX=0x000000000000fc90
RSP=0x00007f81068db100, RBP=0x00007f81068db200, RSI=0x0000000000000000, RDI=0x0000000000000020
R8 =0x0000000000000002, R9 =0x000000000021e000, R10=0x00007f80ec000000, R11=0x0000000000000206
R12=0x0000000000000000, R13=0x00007f80ec21ee40, R14=0x00007f80d000c140, R15=0x00007f812b797ff0
RIP=0x00007f812a7b089a, EFLAGS=0x0000000000010246, CSGSFS=0x0000000000000033, ERR=0x0000000000000004
  TRAPNO=0x000000000000000e

Top of Stack: (sp=0x00007f81068db100)
0x00007f81068db100:   00007f81068db110 00007f81068db140
0x00007f81068db110:   00007f812b894910 00007f8115007710
0x00007f81068db120:   00007f81150055d0 00007f8100000000
0x00007f81068db130:   00007f812b894950 00007f812b894910
0x00007f81068db140:   00007f812b894910 00007f8115007710
0x00007f81068db150:   00007f81150055d0 00007f8100000000
0x00007f81068db160:   00007f812b894950 00007f812b894910
0x00007f81068db170:   00007f812b894910 00007f8115007710
0x00007f81068db180:   00007f81150055d0 00007f8100000000
0x00007f81068db190:   00007f812b894950 00007f812b894910
0x00007f81068db1a0:   00007f812b894910 00007f8115007710
0x00007f81068db1b0:   00007f81150055d0 00007f8100000000
0x00007f81068db1c0:   00007f812b894950 00007f812b894910
0x00007f81068db1d0:   0000000000000000 0000000000000000
0x00007f81068db1e0:   00007f812400a000 00007f80ec005790
0x00007f81068db1f0:   00007f812ac6af28 00007f81240bb2d0
0x00007f81068db200:   00007f81068db2e0 00007f812a491016
0x00007f81068db210:   0000000000000000 0000000000000000
0x00007f81068db220:   0000000100000000 00007f81240c3000
0x00007f81068db230:   0000000000000000 0000000000000000
0x00007f81068db240:   0000000000000000 00000000000083b0
0x00007f81068db250:   00007f81240bb2d0 00007f80d0013b18
0x00007f81068db260:   00007f80d000c740 00007f80d000bb30
0x00007f81068db270:   00007f81150055d0 00007f8100000000
0x00007f81068db280:   00007f812b894950 00007f812b894910
0x00007f81068db290:   00007f812b8948c0 0000000000000001
0x00007f81068db2a0:   00007f80d000bb40 0000000000000000
0x00007f81068db2b0:   00007f812ac6af28 0000000000000001
0x00007f81068db2c0:   00007f80d000c140 0000000000000000
0x00007f81068db2d0:   00007f812ac6af28 00007f81240bb2d0
0x00007f81068db2e0:   00007f81068db9a0 00007f812a49285c
0x00007f81068db2f0:   00007f81068db301 00007f81068db900 

Instructions: (pc=0x00007f812a7b089a)
0x00007f812a7b087a:   49 8b 46 30 48 89 85 68 ff ff ff e8 26 7e ae ff
0x00007f812a7b088a:   49 39 c7 0f 82 dd 00 00 00 31 f6 bf 20 00 00 00
0x00007f812a7b089a:   4d 8b 67 08 e8 3d 96 ef ff 48 85 c0 49 89 c5 74
0x00007f812a7b08aa:   17 4c 89 20 48 c7 40 10 00 00 00 00 4c 89 78 08 

Register to memory mapping:

RAX=0x00000000d6ed9d48 is an oop
java.util.NoSuchElementException 
 - klass: 'java/util/NoSuchElementException'
RBX=0x00007f80d000c740 is an unknown value
RCX=0x00007f812b6b52e0: <offset 0x2182e0> in /lib/x86_64-linux-gnu/libpthread.so.0 at 0x00007f812b49d000
RDX=0x000000000000fc90 is an unknown value
RSP=0x00007f81068db100 is pointing into the stack for thread: 0x00007f81240c3000
RBP=0x00007f81068db200 is pointing into the stack for thread: 0x00007f81240c3000
RSI=0x0000000000000000 is an unknown value
RDI=0x0000000000000020 is an unknown value
R8 =0x0000000000000002 is an unknown value
R9 =0x000000000021e000 is an unknown value
R10=0x00007f80ec000000 is an unknown value
R11=0x0000000000000206 is an unknown value
R12=0x0000000000000000 is an unknown value
R13=0x00007f80ec21ee40 is an unknown value
R14=0x00007f80d000c140 is an unknown value
R15=0x00007f812b797ff0 is pointing into the stack for thread: 0x00007f812400a000


Stack: [0x00007f81067dc000,0x00007f81068dd000],  sp=0x00007f81068db100,  free space=1020k
Native frames: (J=compiled Java code, j=interpreted, Vv=VM code, C=native code)
V  [libjvm.so+0xa9f89a]
V  [libjvm.so+0x780016]
V  [libjvm.so+0x78185c]
V  [libjvm.so+0x775780]
V  [libjvm.so+0x737701]
C  [libjdwp.so+0xa370]
C  [libjdwp.so+0x119c6]
C  [libjdwp.so+0x247ff]
V  [libjvm.so+0x797362]
V  [libjvm.so+0xa5cbcf]
V  [libjvm.so+0xa5ccfc]
V  [libjvm.so+0x911048]
C  [libpthread.so.0+0x80a4]  start_thread+0xc4


---------------  P R O C E S S  ---------------

Java Threads: ( => current thread )
  0x00007f81240d3000 JavaThread "Service Thread" daemon [_thread_blocked, id=5675, stack(0x00007f81061d6000,0x00007f81062d7000)]
  0x00007f81240cd800 JavaThread "C1 CompilerThread2" daemon [_thread_blocked, id=5674, stack(0x00007f81062d7000,0x00007f81063d8000)]
  0x00007f81240cc000 JavaThread "C2 CompilerThread1" daemon [_thread_blocked, id=5673, stack(0x00007f81063d8000,0x00007f81064d9000)]
  0x00007f81240c9000 JavaThread "C2 CompilerThread0" daemon [_thread_blocked, id=5672, stack(0x00007f81064d9000,0x00007f81065da000)]
  0x00007f80ec001000 JavaThread "JDWP Command Reader" daemon [_thread_in_native, id=5670, stack(0x00007f81065da000,0x00007f81066db000)]
  0x00007f81240c6800 JavaThread "JDWP Event Helper Thread" daemon [_thread_blocked, id=5669, stack(0x00007f81066db000,0x00007f81067dc000)]
=>0x00007f81240c3000 JavaThread "JDWP Transport Listener: dt_socket" daemon [_thread_in_vm, id=5666, stack(0x00007f81067dc000,0x00007f81068dd000)]
  0x00007f81240b6000 JavaThread "Signal Dispatcher" daemon [_thread_blocked, id=5664, stack(0x00007f8106ced000,0x00007f8106dee000)]
  0x00007f812407f000 JavaThread "Finalizer" daemon [_thread_blocked, id=5663, stack(0x00007f8106dee000,0x00007f8106eef000)]
  0x00007f812407d000 JavaThread "Reference Handler" daemon [_thread_blocked, id=5662, stack(0x00007f8106eef000,0x00007f8106ff0000)]
  0x00007f812400a000 JavaThread "main" [_thread_blocked, id=5651, stack(0x00007f812b795000,0x00007f812b896000)]

Other Threads:
  0x00007f8124078000 VMThread [stack: 0x00007f8106ff0000,0x00007f81070f1000] [id=5661]
  0x00007f81240d5800 WatcherThread [stack: 0x00007f81060d5000,0x00007f81061d6000] [id=5676]

VM state:not at safepoint (normal execution)

VM Mutex/Monitor currently owned by a thread: None

Heap:
 PSYoungGen      total 36864K, used 3174K [0x00000000d6c00000, 0x00000000d9500000, 0x0000000100000000)
  eden space 31744K, 10% used [0x00000000d6c00000,0x00000000d6f19b40,0x00000000d8b00000)
  from space 5120K, 0% used [0x00000000d9000000,0x00000000d9000000,0x00000000d9500000)
  to   space 5120K, 0% used [0x00000000d8b00000,0x00000000d8b00000,0x00000000d9000000)
 ParOldGen       total 84992K, used 0K [0x0000000084400000, 0x0000000089700000, 0x00000000d6c00000)
  object space 84992K, 0% used [0x0000000084400000,0x0000000084400000,0x0000000089700000)
 Metaspace       used 3584K, capacity 4614K, committed 4864K, reserved 1056768K
  class space    used 399K, capacity 430K, committed 512K, reserved 1048576K

Card table byte_map: [0x00007f812844d000,0x00007f812882c000] byte_map_base: 0x00007f812802b000

Marking Bits: (ParMarkBitMap*) 0x00007f812acaf660
 Begin Bits: [0x00007f810c220000, 0x00007f810e110000)
 End Bits:   [0x00007f810e110000, 0x00007f8110000000)

Polling page: 0x00007f812b8d7000

CodeCache: size=245760Kb used=1222Kb max_used=1222Kb free=244537Kb
 bounds [0x00007f8115000000, 0x00007f8115270000, 0x00007f8124000000]
 total_blobs=323 nmethods=81 adapters=164
 compilation: enabled

Compilation events (10 events):
Event: 1,499 Thread 0x00007f81240cd800   78       1       java.lang.String::length (6 bytes)
Event: 1,499 Thread 0x00007f81240cd800 nmethod 78 0x00007f8115130190 code [0x00007f81151302e0, 0x00007f81151303f0]
Event: 1,499 Thread 0x00007f81240cd800   80       3       java.util.regex.ASCII::isAlpha (8 bytes)
Event: 1,500 Thread 0x00007f81240cd800 nmethod 80 0x00007f8115130490 code [0x00007f8115130600, 0x00007f81151308d0]
Event: 1,500 Thread 0x00007f81240cd800   81       3       java.util.regex.ASCII::isType (15 bytes)
Event: 1,500 Thread 0x00007f81240cd800 nmethod 81 0x00007f8115130a50 code [0x00007f8115130bc0, 0x00007f8115130e30]
Event: 1,500 Thread 0x00007f81240cd800   79       3       java.lang.AbstractStringBuilder::expandCapacity (50 bytes)
Event: 1,500 Thread 0x00007f81240cd800 nmethod 79 0x00007f8115130f50 code [0x00007f8115131100, 0x00007f8115131678]
Event: 1,500 Thread 0x00007f81240cd800   77       1       java.nio.Buffer::position (5 bytes)
Event: 1,500 Thread 0x00007f81240cd800 nmethod 77 0x00007f81151318d0 code [0x00007f8115131a20, 0x00007f8115131b30]

GC Heap History (0 events):
No events

Deoptimization events (0 events):
No events

Internal exceptions (6 events):
Event: 0,071 Thread 0x00007f812400a000 Exception <a 'java/lang/NoSuchMethodError': Method sun.misc.Unsafe.defineClass(Ljava/lang/String;[BII)Ljava/lang/Class; name or signature does not match> (0x00000000d6c12a30) thrown at [/HUDSON/workspace/8-2-build-linux-amd64/jdk8u51/3951/hotspot/src/shar
Event: 0,071 Thread 0x00007f812400a000 Exception <a 'java/lang/NoSuchMethodError': Method sun.misc.Unsafe.prefetchRead(Ljava/lang/Object;J)V name or signature does not match> (0x00000000d6c12cc0) thrown at [/HUDSON/workspace/8-2-build-linux-amd64/jdk8u51/3951/hotspot/src/share/vm/prims/jni.cpp
Event: 0,251 Thread 0x00007f812400a000 Exception <a 'java/security/PrivilegedActionException'> (0x00000000d6c84a50) thrown at [/HUDSON/workspace/8-2-build-linux-amd64/jdk8u51/3951/hotspot/src/share/vm/prims/jvm.cpp, line 1382]
Event: 0,251 Thread 0x00007f812400a000 Exception <a 'java/security/PrivilegedActionException'> (0x00000000d6c84d98) thrown at [/HUDSON/workspace/8-2-build-linux-amd64/jdk8u51/3951/hotspot/src/share/vm/prims/jvm.cpp, line 1382]
Event: 0,251 Thread 0x00007f812400a000 Exception <a 'java/security/PrivilegedActionException'> (0x00000000d6c873d8) thrown at [/HUDSON/workspace/8-2-build-linux-amd64/jdk8u51/3951/hotspot/src/share/vm/prims/jvm.cpp, line 1382]
Event: 0,251 Thread 0x00007f812400a000 Exception <a 'java/security/PrivilegedActionException'> (0x00000000d6c87720) thrown at [/HUDSON/workspace/8-2-build-linux-amd64/jdk8u51/3951/hotspot/src/share/vm/prims/jvm.cpp, line 1382]

Events (10 events):
Event: 22,966 Executing VM operation: RedefineClasses
Event: 22,967 Executing VM operation: RedefineClasses done
Event: 22,967 Executing VM operation: EnterInterpOnlyMode
Event: 22,967 Executing VM operation: EnterInterpOnlyMode done
Event: 22,967 Executing VM operation: GetCurrentLocation
Event: 22,967 Executing VM operation: GetCurrentLocation done
Event: 22,967 Executing VM operation: ChangeSingleStep
Event: 22,967 Executing VM operation: ChangeSingleStep done
Event: 22,967 Executing VM operation: ChangeSingleStep
Event: 22,967 Executing VM operation: ChangeSingleStep done


Dynamic libraries:
00400000-00401000 r-xp 00000000 08:02 68809                              /usr/lib/jvm/jdk-8-oracle-x64/bin/java
00600000-00601000 rw-p 00000000 08:02 68809                              /usr/lib/jvm/jdk-8-oracle-x64/bin/java
01e5f000-01e80000 rw-p 00000000 00:00 0                                  [heap]
84400000-89700000 rw-p 00000000 00:00 0 
89700000-d6c00000 ---p 00000000 00:00 0 
d6c00000-d9500000 rw-p 00000000 00:00 0 
d9500000-100000000 ---p 00000000 00:00 0 
100000000-100080000 rw-p 00000000 00:00 0 
100080000-140000000 ---p 00000000 00:00 0 
7f80c8000000-7f80c8021000 rw-p 00000000 00:00 0 
7f80c8021000-7f80cc000000 ---p 00000000 00:00 0 
7f80d0000000-7f80d0094000 rw-p 00000000 00:00 0 
7f80d0094000-7f80d4000000 ---p 00000000 00:00 0 
7f80d4000000-7f80d4021000 rw-p 00000000 00:00 0 
7f80d4021000-7f80d8000000 ---p 00000000 00:00 0 
7f80d8000000-7f80d804e000 rw-p 00000000 00:00 0 
7f80d804e000-7f80dc000000 ---p 00000000 00:00 0 
7f80dc000000-7f80dc021000 rw-p 00000000 00:00 0 
7f80dc021000-7f80e0000000 ---p 00000000 00:00 0 
7f80e0000000-7f80e0021000 rw-p 00000000 00:00 0 
7f80e0021000-7f80e4000000 ---p 00000000 00:00 0 
7f80e4000000-7f80e4021000 rw-p 00000000 00:00 0 
7f80e4021000-7f80e8000000 ---p 00000000 00:00 0 
7f80e8000000-7f80e8021000 rw-p 00000000 00:00 0 
7f80e8021000-7f80ec000000 ---p 00000000 00:00 0 
7f80ec000000-7f80ec237000 rw-p 00000000 00:00 0 
7f80ec237000-7f80f0000000 ---p 00000000 00:00 0 
7f80f0000000-7f80f0021000 rw-p 00000000 00:00 0 
7f80f0021000-7f80f4000000 ---p 00000000 00:00 0 
7f80f4000000-7f80f4021000 rw-p 00000000 00:00 0 
7f80f4021000-7f80f8000000 ---p 00000000 00:00 0 
7f80f8000000-7f80f8021000 rw-p 00000000 00:00 0 
7f80f8021000-7f80fc000000 ---p 00000000 00:00 0 
7f80fc000000-7f80fc021000 rw-p 00000000 00:00 0 
7f80fc021000-7f8100000000 ---p 00000000 00:00 0 
7f8100000000-7f8100021000 rw-p 00000000 00:00 0 
7f8100021000-7f8104000000 ---p 00000000 00:00 0 
7f8105fe3000-7f81060d5000 rw-p 00000000 00:00 0 
7f81060d5000-7f81060d6000 ---p 00000000 00:00 0 
7f81060d6000-7f81061d6000 rw-p 00000000 00:00 0                          [stack:5676]
7f81061d6000-7f81061d9000 ---p 00000000 00:00 0 
7f81061d9000-7f81062d7000 rw-p 00000000 00:00 0                          [stack:5675]
7f81062d7000-7f81062da000 ---p 00000000 00:00 0 
7f81062da000-7f81063d8000 rw-p 00000000 00:00 0                          [stack:5674]
7f81063d8000-7f81063db000 ---p 00000000 00:00 0 
7f81063db000-7f81064d9000 rw-p 00000000 00:00 0                          [stack:5673]
7f81064d9000-7f81064dc000 ---p 00000000 00:00 0 
7f81064dc000-7f81065da000 rw-p 00000000 00:00 0                          [stack:5672]
7f81065da000-7f81065dd000 ---p 00000000 00:00 0 
7f81065dd000-7f81066db000 rw-p 00000000 00:00 0                          [stack:5670]
7f81066db000-7f81066de000 ---p 00000000 00:00 0 
7f81066de000-7f81067dc000 rw-p 00000000 00:00 0                          [stack:5669]
7f81067dc000-7f81067df000 ---p 00000000 00:00 0 
7f81067df000-7f81068dd000 rw-p 00000000 00:00 0                          [stack:5666]
7f81068dd000-7f81068e8000 r-xp 00000000 08:02 499369                     /lib/x86_64-linux-gnu/libnss_files-2.19.so
7f81068e8000-7f8106ae7000 ---p 0000b000 08:02 499369                     /lib/x86_64-linux-gnu/libnss_files-2.19.so
7f8106ae7000-7f8106ae8000 r--p 0000a000 08:02 499369                     /lib/x86_64-linux-gnu/libnss_files-2.19.so
7f8106ae8000-7f8106ae9000 rw-p 0000b000 08:02 499369                     /lib/x86_64-linux-gnu/libnss_files-2.19.so
7f8106ae9000-7f8106aed000 r-xp 00000000 08:02 68672                      /usr/lib/jvm/jdk-8-oracle-x64/jre/lib/amd64/libdt_socket.so
7f8106aed000-7f8106cec000 ---p 00004000 08:02 68672                      /usr/lib/jvm/jdk-8-oracle-x64/jre/lib/amd64/libdt_socket.so
7f8106cec000-7f8106ced000 rw-p 00003000 08:02 68672                      /usr/lib/jvm/jdk-8-oracle-x64/jre/lib/amd64/libdt_socket.so
7f8106ced000-7f8106cf0000 ---p 00000000 00:00 0 
7f8106cf0000-7f8106dee000 rw-p 00000000 00:00 0                          [stack:5664]
7f8106dee000-7f8106df1000 ---p 00000000 00:00 0 
7f8106df1000-7f8106eef000 rw-p 00000000 00:00 0                          [stack:5663]
7f8106eef000-7f8106ef2000 ---p 00000000 00:00 0 
7f8106ef2000-7f8106ff0000 rw-p 00000000 00:00 0                          [stack:5662]
7f8106ff0000-7f8106ff1000 ---p 00000000 00:00 0 
7f8106ff1000-7f8108000000 rw-p 00000000 00:00 0                          [stack:5661]
7f8108000000-7f8108021000 rw-p 00000000 00:00 0 
7f8108021000-7f810c000000 ---p 00000000 00:00 0 
7f810c048000-7f810c220000 r--s 03d0c000 08:02 68490                      /usr/lib/jvm/jdk-8-oracle-x64/jre/lib/rt.jar
7f810c220000-7f8110000000 rw-p 00000000 00:00 0 
7f8110000000-7f8110021000 rw-p 00000000 00:00 0 
7f8110021000-7f8114000000 ---p 00000000 00:00 0 
7f8114005000-7f811402e000 rw-p 00000000 00:00 0 
7f811402e000-7f8114038000 r--s 00116000 08:02 68747                      /usr/lib/jvm/jdk-8-oracle-x64/jre/lib/ext/localedata.jar
7f8114038000-7f811406d000 r--s 00000000 08:02 20026                      /var/cache/nscd/hosts
7f811406d000-7f811455f000 rw-p 00000000 00:00 0 
7f811455f000-7f811491f000 ---p 00000000 00:00 0 
7f811491f000-7f8114cfd000 rw-p 00000000 00:00 0 
7f8114cfd000-7f8114cfe000 ---p 00000000 00:00 0 
7f8114cfe000-7f8114dfe000 rw-p 00000000 00:00 0                          [stack:5660]
7f8114dfe000-7f8114dff000 ---p 00000000 00:00 0 
7f8114dff000-7f8114eff000 rw-p 00000000 00:00 0                          [stack:5659]
7f8114eff000-7f8114f00000 ---p 00000000 00:00 0 
7f8114f00000-7f8115000000 rw-p 00000000 00:00 0                          [stack:5658]
7f8115000000-7f8115270000 rwxp 00000000 00:00 0 
7f8115270000-7f8124000000 ---p 00000000 00:00 0 
7f8124000000-7f812412b000 rw-p 00000000 00:00 0 
7f812412b000-7f8128000000 ---p 00000000 00:00 0 
7f8128000000-7f81280b8000 rw-p 00000000 00:00 0 
7f81280b8000-7f81280b9000 ---p 00000000 00:00 0 
7f81280b9000-7f81281e3000 rw-p 00000000 00:00 0                          [stack:5657]
7f81281e3000-7f812844d000 ---p 00000000 00:00 0 
7f812844d000-7f8128477000 rw-p 00000000 00:00 0 
7f8128477000-7f81286e1000 ---p 00000000 00:00 0 
7f81286e1000-7f81286f6000 rw-p 00000000 00:00 0 
7f81286f6000-7f812882b000 ---p 00000000 00:00 0 
7f812882b000-7f8128836000 rw-p 00000000 00:00 0 
7f8128836000-7f8128bec000 ---p 00000000 00:00 0 
7f8128bec000-7f8128c06000 r-xp 00000000 08:02 68700                      /usr/lib/jvm/jdk-8-oracle-x64/jre/lib/amd64/libzip.so
7f8128c06000-7f8128e06000 ---p 0001a000 08:02 68700                      /usr/lib/jvm/jdk-8-oracle-x64/jre/lib/amd64/libzip.so
7f8128e06000-7f8128e07000 rw-p 0001a000 08:02 68700                      /usr/lib/jvm/jdk-8-oracle-x64/jre/lib/amd64/libzip.so
7f8128e07000-7f8128f90000 r--p 00000000 08:02 62095                      /usr/lib/locale/locale-archive
7f8128f90000-7f8128f92000 r-xp 00000000 08:02 68682                      /usr/lib/jvm/jdk-8-oracle-x64/jre/lib/amd64/libnpt.so
7f8128f92000-7f8129192000 ---p 00002000 08:02 68682                      /usr/lib/jvm/jdk-8-oracle-x64/jre/lib/amd64/libnpt.so
7f8129192000-7f8129193000 rw-p 00002000 08:02 68682                      /usr/lib/jvm/jdk-8-oracle-x64/jre/lib/amd64/libnpt.so
7f8129193000-7f81291cc000 r-xp 00000000 08:02 68687                      /usr/lib/jvm/jdk-8-oracle-x64/jre/lib/amd64/libjdwp.so
7f81291cc000-7f81293cb000 ---p 00039000 08:02 68687                      /usr/lib/jvm/jdk-8-oracle-x64/jre/lib/amd64/libjdwp.so
7f81293cb000-7f81293cd000 rw-p 00038000 08:02 68687                      /usr/lib/jvm/jdk-8-oracle-x64/jre/lib/amd64/libjdwp.so
7f81293cd000-7f81293f7000 r-xp 00000000 08:02 68678                      /usr/lib/jvm/jdk-8-oracle-x64/jre/lib/amd64/libjava.so
7f81293f7000-7f81295f7000 ---p 0002a000 08:02 68678                      /usr/lib/jvm/jdk-8-oracle-x64/jre/lib/amd64/libjava.so
7f81295f7000-7f81295f9000 rw-p 0002a000 08:02 68678                      /usr/lib/jvm/jdk-8-oracle-x64/jre/lib/amd64/libjava.so
7f81295f9000-7f8129606000 r-xp 00000000 08:02 68692                      /usr/lib/jvm/jdk-8-oracle-x64/jre/lib/amd64/libverify.so
7f8129606000-7f8129806000 ---p 0000d000 08:02 68692                      /usr/lib/jvm/jdk-8-oracle-x64/jre/lib/amd64/libverify.so
7f8129806000-7f8129808000 rw-p 0000d000 08:02 68692                      /usr/lib/jvm/jdk-8-oracle-x64/jre/lib/amd64/libverify.so
7f8129808000-7f812980f000 r-xp 00000000 08:02 499376                     /lib/x86_64-linux-gnu/librt-2.19.so
7f812980f000-7f8129a0e000 ---p 00007000 08:02 499376                     /lib/x86_64-linux-gnu/librt-2.19.so
7f8129a0e000-7f8129a0f000 r--p 00006000 08:02 499376                     /lib/x86_64-linux-gnu/librt-2.19.so
7f8129a0f000-7f8129a10000 rw-p 00007000 08:02 499376                     /lib/x86_64-linux-gnu/librt-2.19.so
7f8129a10000-7f8129b10000 r-xp 00000000 08:02 499381                     /lib/x86_64-linux-gnu/libm-2.19.so
7f8129b10000-7f8129d0f000 ---p 00100000 08:02 499381                     /lib/x86_64-linux-gnu/libm-2.19.so
7f8129d0f000-7f8129d10000 r--p 000ff000 08:02 499381                     /lib/x86_64-linux-gnu/libm-2.19.so
7f8129d10000-7f8129d11000 rw-p 00100000 08:02 499381                     /lib/x86_64-linux-gnu/libm-2.19.so
7f8129d11000-7f812a9bf000 r-xp 00000000 08:02 68732                      /usr/lib/jvm/jdk-8-oracle-x64/jre/lib/amd64/server/libjvm.so
7f812a9bf000-7f812abbf000 ---p 00cae000 08:02 68732                      /usr/lib/jvm/jdk-8-oracle-x64/jre/lib/amd64/server/libjvm.so
7f812abbf000-7f812ac96000 rw-p 00cae000 08:02 68732                      /usr/lib/jvm/jdk-8-oracle-x64/jre/lib/amd64/server/libjvm.so
7f812ac96000-7f812acda000 rw-p 00000000 00:00 0 
7f812acda000-7f812ae79000 r-xp 00000000 08:02 499382                     /lib/x86_64-linux-gnu/libc-2.19.so
7f812ae79000-7f812b079000 ---p 0019f000 08:02 499382                     /lib/x86_64-linux-gnu/libc-2.19.so
7f812b079000-7f812b07d000 r--p 0019f000 08:02 499382                     /lib/x86_64-linux-gnu/libc-2.19.so
7f812b07d000-7f812b07f000 rw-p 001a3000 08:02 499382                     /lib/x86_64-linux-gnu/libc-2.19.so
7f812b07f000-7f812b083000 rw-p 00000000 00:00 0 
7f812b083000-7f812b086000 r-xp 00000000 08:02 499367                     /lib/x86_64-linux-gnu/libdl-2.19.so
7f812b086000-7f812b285000 ---p 00003000 08:02 499367                     /lib/x86_64-linux-gnu/libdl-2.19.so
7f812b285000-7f812b286000 r--p 00002000 08:02 499367                     /lib/x86_64-linux-gnu/libdl-2.19.so
7f812b286000-7f812b287000 rw-p 00003000 08:02 499367                     /lib/x86_64-linux-gnu/libdl-2.19.so
7f812b287000-7f812b29c000 r-xp 00000000 08:02 68306                      /usr/lib/jvm/jdk-8-oracle-x64/lib/amd64/jli/libjli.so
7f812b29c000-7f812b49c000 ---p 00015000 08:02 68306                      /usr/lib/jvm/jdk-8-oracle-x64/lib/amd64/jli/libjli.so
7f812b49c000-7f812b49d000 rw-p 00015000 08:02 68306                      /usr/lib/jvm/jdk-8-oracle-x64/lib/amd64/jli/libjli.so
7f812b49d000-7f812b4b5000 r-xp 00000000 08:02 499375                     /lib/x86_64-linux-gnu/libpthread-2.19.so
7f812b4b5000-7f812b6b4000 ---p 00018000 08:02 499375                     /lib/x86_64-linux-gnu/libpthread-2.19.so
7f812b6b4000-7f812b6b5000 r--p 00017000 08:02 499375                     /lib/x86_64-linux-gnu/libpthread-2.19.so
7f812b6b5000-7f812b6b6000 rw-p 00018000 08:02 499375                     /lib/x86_64-linux-gnu/libpthread-2.19.so
7f812b6b6000-7f812b6ba000 rw-p 00000000 00:00 0 
7f812b6ba000-7f812b6da000 r-xp 00000000 08:02 499365                     /lib/x86_64-linux-gnu/ld-2.19.so
7f812b6e3000-7f812b78d000 rw-p 00000000 00:00 0 
7f812b78d000-7f812b795000 rw-s 00000000 08:02 9109531                    /tmp/hsperfdata_f12018907/5649
7f812b795000-7f812b798000 ---p 00000000 00:00 0 
7f812b798000-7f812b89a000 rw-p 00000000 00:00 0                          [stack:5651]
7f812b89e000-7f812b8a1000 rw-p 00000000 00:00 0 
7f812b8a1000-7f812b8d6000 r--s 00000000 08:02 20024                      /var/cache/nscd/passwd
7f812b8d6000-7f812b8d7000 rw-p 00000000 00:00 0 
7f812b8d7000-7f812b8d8000 r--p 00000000 00:00 0 
7f812b8d8000-7f812b8da000 rw-p 00000000 00:00 0 
7f812b8da000-7f812b8db000 r--p 00020000 08:02 499365                     /lib/x86_64-linux-gnu/ld-2.19.so
7f812b8db000-7f812b8dc000 rw-p 00021000 08:02 499365                     /lib/x86_64-linux-gnu/ld-2.19.so
7f812b8dc000-7f812b8dd000 rw-p 00000000 00:00 0 
7ffe401cc000-7ffe401ed000 rw-p 00000000 00:00 0                          [stack]
7ffe401ee000-7ffe401f0000 r-xp 00000000 00:00 0                          [vdso]
7ffe401f0000-7ffe401f2000 r--p 00000000 00:00 0                          [vvar]
ffffffffff600000-ffffffffff601000 r-xp 00000000 00:00 0                  [vsyscall]

VM Arguments:
jvm_args: -agentlib:jdwp=transport=dt_socket,suspend=y,address=localhost:33495 -Dfile.encoding=UTF-8 
java_command: planes.Main
java_class_path (initial): /filer/etudiants/g6/f12018907/Documents/ProjetPoo/planes/bin:/filer/etudiants/g6/f12018907/Documents/ProjetPoo/planes/src/mariadb-java-client-1.3.3.jar
Launcher Type: SUN_STANDARD

Environment Variables:
JAVA_HOME=/usr/lib/jvm/jdk-8-oracle-x64
PATH=/usr/local/bin:/usr/bin:/bin:/usr/local/games:/usr/games:/filer/etudiants/g6/f12018907/bin
SHELL=/bin/bash
DISPLAY=:0

Signal Handlers:
SIGSEGV: [libjvm.so+0xaad540], sa_mask[0]=11111111011111111101111111111110, sa_flags=SA_RESTART|SA_SIGINFO
SIGBUS: [libjvm.so+0xaad540], sa_mask[0]=11111111011111111101111111111110, sa_flags=SA_RESTART|SA_SIGINFO
SIGFPE: [libjvm.so+0x90b6b0], sa_mask[0]=11111111011111111101111111111110, sa_flags=SA_RESTART|SA_SIGINFO
SIGPIPE: [libjvm.so+0x90b6b0], sa_mask[0]=11111111011111111101111111111110, sa_flags=SA_RESTART|SA_SIGINFO
SIGXFSZ: [libjvm.so+0x90b6b0], sa_mask[0]=11111111011111111101111111111110, sa_flags=SA_RESTART|SA_SIGINFO
SIGILL: [libjvm.so+0x90b6b0], sa_mask[0]=11111111011111111101111111111110, sa_flags=SA_RESTART|SA_SIGINFO
SIGUSR1: SIG_DFL, sa_mask[0]=00000000000000000000000000000000, sa_flags=none
SIGUSR2: [libjvm.so+0x90ccf0], sa_mask[0]=00100000000000000000000000000000, sa_flags=SA_RESTART|SA_SIGINFO
SIGHUP: [libjvm.so+0x90e040], sa_mask[0]=11111111011111111101111111111110, sa_flags=SA_RESTART|SA_SIGINFO
SIGINT: [libjvm.so+0x90e040], sa_mask[0]=11111111011111111101111111111110, sa_flags=SA_RESTART|SA_SIGINFO
SIGTERM: [libjvm.so+0x90e040], sa_mask[0]=11111111011111111101111111111110, sa_flags=SA_RESTART|SA_SIGINFO
SIGQUIT: [libjvm.so+0x90e040], sa_mask[0]=11111111011111111101111111111110, sa_flags=SA_RESTART|SA_SIGINFO


---------------  S Y S T E M  ---------------

OS:PRETTY_NAME="Debian GNU/Linux 8 (jessie)"
NAME="Debian GNU/Linux"
VERSION_ID="8"
VERSION="8 (jessie)"
ID=debian
HOME_URL="http://www.debian.org/"
SUPPORT_URL="http://www.debian.org/support/"
BUG_REPORT_URL="https://bugs.debian.org/"

uname:Linux 3.16.0-4-amd64 #1 SMP Debian 3.16.7-ckt20-1+deb8u1 (2015-12-14) x86_64
libc:glibc 2.19 NPTL 2.19 
rlimit: STACK 8192k, CORE 0k, NPROC 1000, NOFILE 65536, AS infinity
load average:2,98 1,38 0,70

/proc/meminfo:
MemTotal:        8102020 kB
MemFree:         2850188 kB
MemAvailable:    3941048 kB
Buffers:          139136 kB
Cached:          1313252 kB
SwapCached:            0 kB
Active:          4157732 kB
Inactive:         858140 kB
Active(anon):    3564388 kB
Inactive(anon):   248744 kB
Active(file):     593344 kB
Inactive(file):   609396 kB
Unevictable:           0 kB
Mlocked:               0 kB
SwapTotal:      16779888 kB
SwapFree:       16779888 kB
Dirty:               220 kB
Writeback:             0 kB
AnonPages:       3563304 kB
Mapped:           362720 kB
Shmem:            249652 kB
Slab:             145032 kB
SReclaimable:     114124 kB
SUnreclaim:        30908 kB
KernelStack:        9888 kB
PageTables:        34868 kB
NFS_Unstable:          0 kB
Bounce:                0 kB
WritebackTmp:          0 kB
CommitLimit:    20830896 kB
Committed_AS:    8060048 kB
VmallocTotal:   34359738367 kB
VmallocUsed:      360036 kB
VmallocChunk:   34359364556 kB
HardwareCorrupted:     0 kB
AnonHugePages:         0 kB
HugePages_Total:       0
HugePages_Free:        0
HugePages_Rsvd:        0
HugePages_Surp:        0
Hugepagesize:       2048 kB
DirectMap4k:       82484 kB
DirectMap2M:     1921024 kB
DirectMap1G:     6291456 kB


CPU:total 4 (4 cores per cpu, 1 threads per core) family 6 model 60 stepping 3, cmov, cx8, fxsr, mmx, sse, sse2, sse3, ssse3, sse4.1, sse4.2, popcnt, avx, avx2, aes, clmul, erms, lzcnt, tsc, tscinvbit, bmi1, bmi2

/proc/cpuinfo:
processor	: 0
vendor_id	: GenuineIntel
cpu family	: 6
model		: 60
model name	: Intel(R) Core(TM) i5-4590 CPU @ 3.30GHz
stepping	: 3
microcode	: 0x1c
cpu MHz		: 3499.933
cache size	: 6144 KB
physical id	: 0
siblings	: 4
core id		: 0
cpu cores	: 4
apicid		: 0
initial apicid	: 0
fpu		: yes
fpu_exception	: yes
cpuid level	: 13
wp		: yes
flags		: fpu vme de pse tsc msr pae mce cx8 apic sep mtrr pge mca cmov pat pse36 clflush dts acpi mmx fxsr sse sse2 ss ht tm pbe syscall nx pdpe1gb rdtscp lm constant_tsc arch_perfmon pebs bts rep_good nopl xtopology nonstop_tsc aperfmperf eagerfpu pni pclmulqdq dtes64 monitor ds_cpl vmx smx est tm2 ssse3 fma cx16 xtpr pdcm pcid sse4_1 sse4_2 x2apic movbe popcnt tsc_deadline_timer aes xsave avx f16c rdrand lahf_lm abm ida arat epb xsaveopt pln pts dtherm tpr_shadow vnmi flexpriority ept vpid fsgsbase tsc_adjust bmi1 avx2 smep bmi2 erms invpcid
bogomips	: 6584.69
clflush size	: 64
cache_alignment	: 64
address sizes	: 39 bits physical, 48 bits virtual
power management:

processor	: 1
vendor_id	: GenuineIntel
cpu family	: 6
model		: 60
model name	: Intel(R) Core(TM) i5-4590 CPU @ 3.30GHz
stepping	: 3
microcode	: 0x1c
cpu MHz		: 3499.933
cache size	: 6144 KB
physical id	: 0
siblings	: 4
core id		: 1
cpu cores	: 4
apicid		: 2
initial apicid	: 2
fpu		: yes
fpu_exception	: yes
cpuid level	: 13
wp		: yes
flags		: fpu vme de pse tsc msr pae mce cx8 apic sep mtrr pge mca cmov pat pse36 clflush dts acpi mmx fxsr sse sse2 ss ht tm pbe syscall nx pdpe1gb rdtscp lm constant_tsc arch_perfmon pebs bts rep_good nopl xtopology nonstop_tsc aperfmperf eagerfpu pni pclmulqdq dtes64 monitor ds_cpl vmx smx est tm2 ssse3 fma cx16 xtpr pdcm pcid sse4_1 sse4_2 x2apic movbe popcnt tsc_deadline_timer aes xsave avx f16c rdrand lahf_lm abm ida arat epb xsaveopt pln pts dtherm tpr_shadow vnmi flexpriority ept vpid fsgsbase tsc_adjust bmi1 avx2 smep bmi2 erms invpcid
bogomips	: 6584.69
clflush size	: 64
cache_alignment	: 64
address sizes	: 39 bits physical, 48 bits virtual
power management:

processor	: 2
vendor_id	: GenuineIntel
cpu family	: 6
model		: 60
model name	: Intel(R) Core(TM) i5-4590 CPU @ 3.30GHz
stepping	: 3
microcode	: 0x1c
cpu MHz		: 3500.062
cache size	: 6144 KB
physical id	: 0
siblings	: 4
core id		: 2
cpu cores	: 4
apicid		: 4
initial apicid	: 4
fpu		: yes
fpu_exception	: yes
cpuid level	: 13
wp		: yes
flags		: fpu vme de pse tsc msr pae mce cx8 apic sep mtrr pge mca cmov pat pse36 clflush dts acpi mmx fxsr sse sse2 ss ht tm pbe syscall nx pdpe1gb rdtscp lm constant_tsc arch_perfmon pebs bts rep_good nopl xtopology nonstop_tsc aperfmperf eagerfpu pni pclmulqdq dtes64 monitor ds_cpl vmx smx est tm2 ssse3 fma cx16 xtpr pdcm pcid sse4_1 sse4_2 x2apic movbe popcnt tsc_deadline_timer aes xsave avx f16c rdrand lahf_lm abm ida arat epb xsaveopt pln pts dtherm tpr_shadow vnmi flexpriority ept vpid fsgsbase tsc_adjust bmi1 avx2 smep bmi2 erms invpcid
bogomips	: 6584.69
clflush size	: 64
cache_alignment	: 64
address sizes	: 39 bits physical, 48 bits virtual
power management:

processor	: 3
vendor_id	: GenuineIntel
cpu family	: 6
model		: 60
model name	: Intel(R) Core(TM) i5-4590 CPU @ 3.30GHz
stepping	: 3
microcode	: 0x1c
cpu MHz		: 3500.062
cache size	: 6144 KB
physical id	: 0
siblings	: 4
core id		: 3
cpu cores	: 4
apicid		: 6
initial apicid	: 6
fpu		: yes
fpu_exception	: yes
cpuid level	: 13
wp		: yes
flags		: fpu vme de pse tsc msr pae mce cx8 apic sep mtrr pge mca cmov pat pse36 clflush dts acpi mmx fxsr sse sse2 ss ht tm pbe syscall nx pdpe1gb rdtscp lm constant_tsc arch_perfmon pebs bts rep_good nopl xtopology nonstop_tsc aperfmperf eagerfpu pni pclmulqdq dtes64 monitor ds_cpl vmx smx est tm2 ssse3 fma cx16 xtpr pdcm pcid sse4_1 sse4_2 x2apic movbe popcnt tsc_deadline_timer aes xsave avx f16c rdrand lahf_lm abm ida arat epb xsaveopt pln pts dtherm tpr_shadow vnmi flexpriority ept vpid fsgsbase tsc_adjust bmi1 avx2 smep bmi2 erms invpcid
bogomips	: 6584.69
clflush size	: 64
cache_alignment	: 64
address sizes	: 39 bits physical, 48 bits virtual
power management:



Memory: 4k page, physical 8102020k(2850188k free), swap 16779888k(16779888k free)

vm_info: Java HotSpot(TM) 64-Bit Server VM (25.51-b03) for linux-amd64 JRE (1.8.0_51-b16), built on Jun  8 2015 19:28:07 by "java_re" with gcc 4.3.0 20080428 (Red Hat 4.3.0-8)

time: Wed Jan  6 17:00:56 2016
elapsed time: 22 seconds (0d 0h 0m 22s)

